NVIDIA GeForce RTX 5090, 32607 MiB
=== POD A PHASE 1: state_guard V2 (3 workers, one wave) ===
[launch] V2-delta s0
[launch] V2-delta s1
[launch] V2-delta s2
[V2-delta s1] 16000 train sequences (4000 skipped), ~5,960,982 tokens/epoch
[V2-delta] params=17.86M hash=68b773b4d585
Traceback (most recent call last):
  File "/workspace/aware/scripts/train_single.py", line 55, in <module>
    main()
  File "/workspace/aware/scripts/train_single.py", line 50, in main
    train_one(mcfg, tc, exp_id=args.exp_id, model_id=args.model_id,
  File "/workspace/aware/train/train.py", line 91, in train_one
    logits, loss = model(x, targets=y)
                   ^^^^^^^^^^^^^^^^^^^
  File "/usr/local/lib/python3.12/dist-packages/torch/nn/modules/module.py", line 1773, in _wrapped_call_impl
    return self._call_impl(*args, **kwargs)
           ^^^^^^^^^^^^^^^^^^^^^^^^^^^^^^^^
  File "/usr/local/lib/python3.12/dist-packages/torch/nn/modules/module.py", line 1784, in _call_impl
    return forward_call(*args, **kwargs)
           ^^^^^^^^^^^^^^^^^^^^^^^^^^^^^
  File "/workspace/aware/models/delta_memory.py", line 116, in forward
    x = blk(x, rope_cs)
        ^^^^^^^^^^^^^^^
  File "/usr/local/lib/python3.12/dist-packages/torch/nn/modules/module.py", line 1773, in _wrapped_call_impl
    return self._call_impl(*args, **kwargs)
           ^^^^^^^^^^^^^^^^^^^^^^^^^^^^^^^^
  File "/usr/local/lib/python3.12/dist-packages/torch/nn/modules/module.py", line 1784, in _call_impl
    return forward_call(*args, **kwargs)
           ^^^^^^^^^^^^^^^^^^^^^^^^^^^^^
  File "/workspace/aware/models/delta_memory.py", line 77, in forward
    return x + self.mlp(self.n2(x))
               ^^^^^^^^^^^^^^^^^^^^
  File "/usr/local/lib/python3.12/dist-packages/torch/nn/modules/module.py", line 1773, in _wrapped_call_impl
    return self._call_impl(*args, **kwargs)
           ^^^^^^^^^^^^^^^^^^^^^^^^^^^^^^^^
  File "/usr/local/lib/python3.12/dist-packages/torch/nn/modules/module.py", line 1784, in _call_impl
    return forward_call(*args, **kwargs)
           ^^^^^^^^^^^^^^^^^^^^^^^^^^^^^
  File "/workspace/aware/models/blocks.py", line 100, in forward
    return self.down(F.silu(self.gate(x)) * self.up(x))
                     ^^^^^^^^^^^^^^^^^^^^
  File "/usr/local/lib/python3.12/dist-packages/torch/nn/functional.py", line 2375, in silu
    return torch._C._nn.silu(input)
           ^^^^^^^^^^^^^^^^^^^^^^^^
torch.OutOfMemoryError: CUDA out of memory. Tried to allocate 54.00 MiB. GPU 0 has a total capacity of 31.37 GiB of which 13.56 MiB is free. Process 3953 has 7.41 GiB memory in use. Including non-PyTorch memory, this process has 11.58 GiB memory in use. Process 3957 has 12.34 GiB memory in use. Of the allocated memory 10.90 GiB is allocated by PyTorch, and 83.42 MiB is reserved by PyTorch but unallocated. If reserved but unallocated memory is large try setting PYTORCH_CUDA_ALLOC_CONF=expandable_segments:True to avoid fragmentation.  See documentation for Memory Management  (https://pytorch.org/docs/stable/notes/cuda.html#environment-variables)
[V2-delta s2] 16000 train sequences (4000 skipped), ~5,960,982 tokens/epoch
[V2-delta] params=17.86M hash=68b773b4d585
Traceback (most recent call last):
  File "/workspace/aware/scripts/train_single.py", line 55, in <module>
    main()
  File "/workspace/aware/scripts/train_single.py", line 50, in main
    train_one(mcfg, tc, exp_id=args.exp_id, model_id=args.model_id,
  File "/workspace/aware/train/train.py", line 96, in train_one
    z = logits.float().logsumexp(-1)[mask]
        ^^^^^^^^^^^^^^
torch.OutOfMemoryError: CUDA out of memory. Tried to allocate 20.00 MiB. GPU 0 has a total capacity of 31.37 GiB of which 13.56 MiB is free. Process 3953 has 7.41 GiB memory in use. Process 3955 has 11.58 GiB memory in use. Including non-PyTorch memory, this process has 12.34 GiB memory in use. Of the allocated memory 11.70 GiB is allocated by PyTorch, and 50.58 MiB is reserved by PyTorch but unallocated. If reserved but unallocated memory is large try setting PYTORCH_CUDA_ALLOC_CONF=expandable_segments:True to avoid fragmentation.  See documentation for Memory Management  (https://pytorch.org/docs/stable/notes/cuda.html#environment-variables)
[V2-delta s0] 16000 train sequences (4000 skipped), ~5,960,982 tokens/epoch
[V2-delta] params=17.86M hash=68b773b4d585
Traceback (most recent call last):
  File "/workspace/aware/scripts/train_single.py", line 55, in <module>
    main()
  File "/workspace/aware/scripts/train_single.py", line 50, in main
    train_one(mcfg, tc, exp_id=args.exp_id, model_id=args.model_id,
  File "/workspace/aware/train/train.py", line 91, in train_one
    logits, loss = model(x, targets=y)
                   ^^^^^^^^^^^^^^^^^^^
  File "/usr/local/lib/python3.12/dist-packages/torch/nn/modules/module.py", line 1773, in _wrapped_call_impl
    return self._call_impl(*args, **kwargs)
           ^^^^^^^^^^^^^^^^^^^^^^^^^^^^^^^^
  File "/usr/local/lib/python3.12/dist-packages/torch/nn/modules/module.py", line 1784, in _call_impl
    return forward_call(*args, **kwargs)
           ^^^^^^^^^^^^^^^^^^^^^^^^^^^^^
  File "/workspace/aware/models/delta_memory.py", line 116, in forward
    x = blk(x, rope_cs)
        ^^^^^^^^^^^^^^^
  File "/usr/local/lib/python3.12/dist-packages/torch/nn/modules/module.py", line 1773, in _wrapped_call_impl
    return self._call_impl(*args, **kwargs)
           ^^^^^^^^^^^^^^^^^^^^^^^^^^^^^^^^
  File "/usr/local/lib/python3.12/dist-packages/torch/nn/modules/module.py", line 1784, in _call_impl
    return forward_call(*args, **kwargs)
           ^^^^^^^^^^^^^^^^^^^^^^^^^^^^^
  File "/workspace/aware/models/delta_memory.py", line 75, in forward
    y, _ = self.mem(self.n1(x))
           ^^^^^^^^^^^^^^^^^^^^
  File "/usr/local/lib/python3.12/dist-packages/torch/nn/modules/module.py", line 1773, in _wrapped_call_impl
    return self._call_impl(*args, **kwargs)
           ^^^^^^^^^^^^^^^^^^^^^^^^^^^^^^^^
  File "/usr/local/lib/python3.12/dist-packages/torch/nn/modules/module.py", line 1784, in _call_impl
    return forward_call(*args, **kwargs)
           ^^^^^^^^^^^^^^^^^^^^^^^^^^^^^
  File "/workspace/aware/models/delta_memory.py", line 60, in forward
    S = ai * S + torch.einsum("bhk,bhv->bhkv", ki, delta)
        ~~~^~~
torch.OutOfMemoryError: CUDA out of memory. Tried to allocate 20.00 MiB. GPU 0 has a total capacity of 31.37 GiB of which 13.56 MiB is free. Including non-PyTorch memory, this process has 7.41 GiB memory in use. Process 3955 has 11.58 GiB memory in use. Process 3957 has 12.34 GiB memory in use. Of the allocated memory 6.82 GiB is allocated by PyTorch, and 5.14 MiB is reserved by PyTorch but unallocated. If reserved but unallocated memory is large try setting PYTORCH_CUDA_ALLOC_CONF=expandable_segments:True to avoid fragmentation.  See documentation for Memory Management  (https://pytorch.org/docs/stable/notes/cuda.html#environment-variables)
[done rc=1] V2-delta s0
[done rc=1] V2-delta s1
[done rc=1] V2-delta s2
EXP COMPLETE: 0/3 jobs ok
=== POD A PHASE 2: B2 state_guard + rule_shift (3 workers) ===
[launch] B2-6L s0
[launch] B2-6L s1
[launch] B2-6L s2
[B2-6L s2] 16000 train sequences (4000 skipped), ~5,960,982 tokens/epoch
[B2-6L] params=17.83M hash=febfa70b3860
[B2-6L s2] step 100/4000 loss 2.4678 187383 tok/s
[B2-6L s1] 16000 train sequences (4000 skipped), ~5,960,982 tokens/epoch
[B2-6L] params=17.83M hash=febfa70b3860
[B2-6L s1] step 100/4000 loss 2.4199 185106 tok/s
[B2-6L s0] 16000 train sequences (4000 skipped), ~5,960,982 tokens/epoch
[B2-6L] params=17.83M hash=febfa70b3860
[B2-6L s0] step 100/4000 loss 2.4514 183089 tok/s
[B2-6L s2] step 200/4000 loss 0.7889 191691 tok/s
[B2-6L s1] step 200/4000 loss 0.7681 190363 tok/s
[B2-6L s0] step 200/4000 loss 0.7439 189178 tok/s
[B2-6L s2] step 300/4000 loss 0.4380 192886 tok/s
[B2-6L s1] step 300/4000 loss 0.4394 192001 tok/s
[B2-6L s0] step 300/4000 loss 0.4311 191315 tok/s
[B2-6L s2] step 400/4000 loss 0.4338 193650 tok/s
[B2-6L s1] step 400/4000 loss 0.4101 193007 tok/s
[B2-6L s0] step 400/4000 loss 0.4102 192444 tok/s
[B2-6L s2] step 500/4000 loss 0.4091 194082 tok/s
[B2-6L s1] step 500/4000 loss 0.3899 193652 tok/s
[B2-6L s0] step 500/4000 loss 0.3818 193178 tok/s
[B2-6L s2] step 600/4000 loss 0.3829 194366 tok/s
[B2-6L s1] step 600/4000 loss 0.3438 194004 tok/s
[B2-6L s0] step 600/4000 loss 0.3397 193630 tok/s
[B2-6L s2] step 700/4000 loss 0.3620 194605 tok/s
[B2-6L s1] step 700/4000 loss 0.2726 194270 tok/s
[B2-6L s0] step 700/4000 loss 0.2953 193980 tok/s
[B2-6L s2] step 800/4000 loss 0.3317 194811 tok/s
[B2-6L s1] step 800/4000 loss 0.2551 194558 tok/s
[B2-6L s0] step 800/4000 loss 0.2665 194207 tok/s
[B2-6L s2] step 900/4000 loss 0.2830 195007 tok/s
[B2-6L s1] step 900/4000 loss 0.2276 194673 tok/s
[B2-6L s0] step 900/4000 loss 0.2317 194362 tok/s
[B2-6L s2] step 1000/4000 loss 0.2457 195076 tok/s
[B2-6L s1] step 1000/4000 loss 0.2086 194784 tok/s
[B2-6L s0] step 1000/4000 loss 0.2170 194509 tok/s
[B2-6L s2] step 1100/4000 loss 0.2297 195182 tok/s
[B2-6L s1] step 1100/4000 loss 0.1841 194879 tok/s
[B2-6L s0] step 1100/4000 loss 0.1946 194656 tok/s
[B2-6L s2] step 1200/4000 loss 0.2126 195239 tok/s
[B2-6L s1] step 1200/4000 loss 0.1690 194979 tok/s
[B2-6L s0] step 1200/4000 loss 0.1879 194754 tok/s
[B2-6L s2] step 1300/4000 loss 0.2029 195280 tok/s
[B2-6L s1] step 1300/4000 loss 0.1750 195075 tok/s
[B2-6L s0] step 1300/4000 loss 0.1819 194849 tok/s
[B2-6L s2] step 1400/4000 loss 0.1853 195384 tok/s
[B2-6L s1] step 1400/4000 loss 0.1658 195079 tok/s
[B2-6L s0] step 1400/4000 loss 0.1705 194866 tok/s
[B2-6L s2] step 1500/4000 loss 0.1817 195357 tok/s
[B2-6L s1] step 1500/4000 loss 0.1565 195119 tok/s
[B2-6L s0] step 1500/4000 loss 0.1654 194975 tok/s
[B2-6L s2] step 1600/4000 loss 0.1671 195386 tok/s
[B2-6L s1] step 1600/4000 loss 0.1452 195151 tok/s
[B2-6L s0] step 1600/4000 loss 0.1657 195044 tok/s
[B2-6L s2] step 1700/4000 loss 0.1629 195425 tok/s
[B2-6L s1] step 1700/4000 loss 0.1483 195190 tok/s
[B2-6L s0] step 1700/4000 loss 0.1559 195094 tok/s
[B2-6L s2] step 1800/4000 loss 0.1604 195459 tok/s
[B2-6L s1] step 1800/4000 loss 0.1441 195253 tok/s
[B2-6L s0] step 1800/4000 loss 0.1469 195144 tok/s
[B2-6L s2] step 1900/4000 loss 0.1477 195492 tok/s
[B2-6L s1] step 1900/4000 loss 0.1369 195297 tok/s
[B2-6L s0] step 1900/4000 loss 0.1529 195192 tok/s
[B2-6L s2] step 2000/4000 loss 0.1519 195505 tok/s
[B2-6L s1] step 2000/4000 loss 0.1359 195335 tok/s
[B2-6L s0] step 2000/4000 loss 0.1419 195246 tok/s
[B2-6L s2] step 2100/4000 loss 0.1283 195517 tok/s
[B2-6L s1] step 2100/4000 loss 0.1274 195365 tok/s
[B2-6L s0] step 2100/4000 loss 0.1337 195265 tok/s
[B2-6L s2] step 2200/4000 loss 0.1404 195523 tok/s
[B2-6L s1] step 2200/4000 loss 0.1242 195376 tok/s
[B2-6L s0] step 2200/4000 loss 0.1307 195306 tok/s
[B2-6L s2] step 2300/4000 loss 0.1323 195556 tok/s
[B2-6L s1] step 2300/4000 loss 0.1258 195410 tok/s
[B2-6L s0] step 2300/4000 loss 0.1256 195342 tok/s
[B2-6L s2] step 2400/4000 loss 0.1355 195584 tok/s
[B2-6L s1] step 2400/4000 loss 0.1215 195439 tok/s
[B2-6L s0] step 2400/4000 loss 0.1279 195359 tok/s
[B2-6L s2] step 2500/4000 loss 0.1201 195602 tok/s
[B2-6L s1] step 2500/4000 loss 0.1221 195473 tok/s
[B2-6L s0] step 2500/4000 loss 0.1318 195375 tok/s
[B2-6L s2] step 2600/4000 loss 0.1155 195590 tok/s
[B2-6L s1] step 2600/4000 loss 0.1071 195499 tok/s
[B2-6L s0] step 2600/4000 loss 0.1133 195390 tok/s
[B2-6L s2] step 2700/4000 loss 0.1113 195601 tok/s
[B2-6L s1] step 2700/4000 loss 0.1102 195522 tok/s
[B2-6L s0] step 2700/4000 loss 0.1101 195417 tok/s
[B2-6L s2] step 2800/4000 loss 0.1184 195612 tok/s
[B2-6L s1] step 2800/4000 loss 0.1068 195530 tok/s
[B2-6L s0] step 2800/4000 loss 0.1136 195438 tok/s
[B2-6L s2] step 2900/4000 loss 0.1147 195631 tok/s
[B2-6L s1] step 2900/4000 loss 0.1080 195519 tok/s
[B2-6L s0] step 2900/4000 loss 0.1181 195456 tok/s
[B2-6L s2] step 3000/4000 loss 0.1085 195653 tok/s
[B2-6L s1] step 3000/4000 loss 0.1065 195540 tok/s
[B2-6L s0] step 3000/4000 loss 0.1111 195479 tok/s
[B2-6L s2] step 3100/4000 loss 0.0961 195661 tok/s
[B2-6L s1] step 3100/4000 loss 0.0973 195549 tok/s
[B2-6L s0] step 3100/4000 loss 0.0973 195485 tok/s
[B2-6L s2] step 3200/4000 loss 0.0960 195664 tok/s
[B2-6L s1] step 3200/4000 loss 0.0961 195545 tok/s
[B2-6L s0] step 3200/4000 loss 0.1020 195505 tok/s
[B2-6L s2] step 3300/4000 loss 0.0975 195663 tok/s
[B2-6L s1] step 3300/4000 loss 0.0924 195549 tok/s
[B2-6L s0] step 3300/4000 loss 0.0954 195510 tok/s
[B2-6L s2] step 3400/4000 loss 0.0948 195659 tok/s
[B2-6L s1] step 3400/4000 loss 0.0925 195574 tok/s
[B2-6L s0] step 3400/4000 loss 0.0967 195511 tok/s
[B2-6L s2] step 3500/4000 loss 0.0987 195645 tok/s
[B2-6L s1] step 3500/4000 loss 0.0893 195569 tok/s
[B2-6L s0] step 3500/4000 loss 0.0964 195481 tok/s
[B2-6L s2] step 3600/4000 loss 0.0855 195621 tok/s
[B2-6L s1] step 3600/4000 loss 0.0815 195567 tok/s
[B2-6L s0] step 3600/4000 loss 0.0872 195471 tok/s
[B2-6L s2] step 3700/4000 loss 0.0820 195588 tok/s
[B2-6L s1] step 3700/4000 loss 0.0809 195540 tok/s
[B2-6L s0] step 3700/4000 loss 0.0881 195443 tok/s
[B2-6L s2] step 3800/4000 loss 0.0802 195551 tok/s
[B2-6L s1] step 3800/4000 loss 0.0836 195526 tok/s
[B2-6L s0] step 3800/4000 loss 0.0846 195416 tok/s
[B2-6L s2] step 3900/4000 loss 0.0836 195547 tok/s
[B2-6L s1] step 3900/4000 loss 0.0794 195529 tok/s
[B2-6L s0] step 3900/4000 loss 0.0813 195413 tok/s
[B2-6L s2] step 4000/4000 loss 0.0831 195552 tok/s
[B2-6L s1] step 4000/4000 loss 0.0836 195575 tok/s
[B2-6L s0] step 4000/4000 loss 0.0881 195521 tok/s
fatal: not a git repository (or any parent up to mount point /)
Stopping at filesystem boundary (GIT_DISCOVERY_ACROSS_FILESYSTEM not set).
[B2-6L s2] run_id=EXP-002-SG-B2-6L-s2-5cb802
  state_guard  104/200 = 0.520
  flops/correct = 3.79e+10
fatal: not a git repository (or any parent up to mount point /)
Stopping at filesystem boundary (GIT_DISCOVERY_ACROSS_FILESYSTEM not set).
[B2-6L s1] run_id=EXP-002-SG-B2-6L-s1-fd7582
  state_guard  121/200 = 0.605
  flops/correct = 3.26e+10
fatal: not a git repository (or any parent up to mount point /)
Stopping at filesystem boundary (GIT_DISCOVERY_ACROSS_FILESYSTEM not set).
[B2-6L s0] run_id=EXP-002-SG-B2-6L-s0-00dc30
  state_guard  113/200 = 0.565
  flops/correct = 3.49e+10
[done rc=0] B2-6L s2
[done rc=0] B2-6L s1
[done rc=0] B2-6L s0
EXP COMPLETE: 3/3 jobs ok
[launch] B2-6L s0
[launch] B2-6L s1
[launch] B2-6L s2
[B2-6L s2] 20000 train sequences (0 skipped), ~5,805,064 tokens/epoch
[B2-6L] params=17.83M hash=febfa70b3860
[B2-6L s2] step 100/4000 loss 2.3547 165684 tok/s
[B2-6L s0] 20000 train sequences (0 skipped), ~5,805,064 tokens/epoch
[B2-6L] params=17.83M hash=febfa70b3860
[B2-6L s0] step 100/4000 loss 2.3588 165383 tok/s
[B2-6L s1] 20000 train sequences (0 skipped), ~5,805,064 tokens/epoch
[B2-6L] params=17.83M hash=febfa70b3860
[B2-6L s1] step 100/4000 loss 2.3678 164139 tok/s
[B2-6L s2] step 200/4000 loss 1.2760 173033 tok/s
[B2-6L s0] step 200/4000 loss 1.2862 172276 tok/s
[B2-6L s1] step 200/4000 loss 1.2719 172082 tok/s
[B2-6L s2] step 300/4000 loss 1.2163 175867 tok/s
[B2-6L s0] step 300/4000 loss 1.2193 175284 tok/s
[B2-6L s1] step 300/4000 loss 1.2242 174864 tok/s
[B2-6L s2] step 400/4000 loss 1.1844 177084 tok/s
[B2-6L s0] step 400/4000 loss 1.1727 176629 tok/s
[B2-6L s1] step 400/4000 loss 1.1974 176532 tok/s
[B2-6L s2] step 500/4000 loss 1.1627 180765 tok/s
[B2-6L s0] step 500/4000 loss 1.1655 177226 tok/s
[B2-6L s1] step 500/4000 loss 1.1704 176972 tok/s
[B2-6L s2] step 600/4000 loss 1.1519 183544 tok/s
[B2-6L s0] step 600/4000 loss 1.1445 177530 tok/s
[B2-6L s1] step 600/4000 loss 1.1447 177363 tok/s
[B2-6L s2] step 700/4000 loss 1.1426 185509 tok/s
[B2-6L s0] step 700/4000 loss 1.1238 177687 tok/s
[B2-6L s1] step 700/4000 loss 1.1545 177634 tok/s
[B2-6L s2] step 800/4000 loss 1.1423 187123 tok/s
[B2-6L s0] step 800/4000 loss 1.1142 177784 tok/s
[B2-6L s1] step 800/4000 loss 1.1338 177228 tok/s
[B2-6L s2] step 900/4000 loss 1.1287 189198 tok/s
[B2-6L s0] step 900/4000 loss 1.1009 177564 tok/s
[B2-6L s1] step 900/4000 loss 1.1234 177120 tok/s
[B2-6L s2] step 1000/4000 loss 1.1082 190236 tok/s
[B2-6L s0] step 1000/4000 loss 1.0930 177535 tok/s
[B2-6L s1] step 1000/4000 loss 1.1232 177286 tok/s
[B2-6L s2] step 1100/4000 loss 1.1430 191132 tok/s
[B2-6L s0] step 1100/4000 loss 1.0684 177466 tok/s
[B2-6L s1] step 1100/4000 loss 1.1262 177275 tok/s
[B2-6L s2] step 1200/4000 loss 1.1064 191945 tok/s
[B2-6L s2] step 1300/4000 loss 1.1243 192583 tok/s
[B2-6L s0] step 1200/4000 loss 1.0569 177508 tok/s
[B2-6L s1] step 1200/4000 loss 1.1141 177291 tok/s
[B2-6L s2] step 1400/4000 loss 1.1018 193169 tok/s
[B2-6L s0] step 1300/4000 loss 1.0520 177557 tok/s
[B2-6L s1] step 1300/4000 loss 1.1060 177283 tok/s
[B2-6L s2] step 1500/4000 loss 1.0837 193534 tok/s
[B2-6L s0] step 1400/4000 loss 1.0390 177655 tok/s
[B2-6L s1] step 1400/4000 loss 1.1185 177431 tok/s
[B2-6L s2] step 1600/4000 loss 1.1069 193782 tok/s
[B2-6L s0] step 1500/4000 loss 1.0309 177724 tok/s
[B2-6L s1] step 1500/4000 loss 1.1001 177583 tok/s
[B2-6L s2] step 1700/4000 loss 1.1049 194108 tok/s
[B2-6L s0] step 1600/4000 loss 1.0154 177799 tok/s
[B2-6L s1] step 1600/4000 loss 1.1049 177754 tok/s
[B2-6L s2] step 1800/4000 loss 1.1122 193488 tok/s
[B2-6L s0] step 1700/4000 loss 1.0256 178017 tok/s
[B2-6L s1] step 1700/4000 loss 1.0961 177947 tok/s
[B2-6L s2] step 1900/4000 loss 1.0906 192788 tok/s
[B2-6L s0] step 1800/4000 loss 1.0201 178177 tok/s
[B2-6L s1] step 1800/4000 loss 1.0979 178128 tok/s
[B2-6L s2] step 2000/4000 loss 1.0896 192110 tok/s
[B2-6L s0] step 1900/4000 loss 1.0143 178399 tok/s
[B2-6L s1] step 1900/4000 loss 1.0861 178243 tok/s
[B2-6L s2] step 2100/4000 loss 1.0867 191637 tok/s
[B2-6L s0] step 2000/4000 loss 0.9977 178587 tok/s
[B2-6L s1] step 2000/4000 loss 1.0838 178385 tok/s
[B2-6L s2] step 2200/4000 loss 1.0750 191067 tok/s
[B2-6L s1] step 2100/4000 loss 1.0894 179004 tok/s
[B2-6L s0] step 2100/4000 loss 1.0079 178641 tok/s
[B2-6L s2] step 2300/4000 loss 1.0751 190753 tok/s
[B2-6L s1] step 2200/4000 loss 1.0754 178994 tok/s
[B2-6L s0] step 2200/4000 loss 1.0105 178617 tok/s
[B2-6L s2] step 2400/4000 loss 1.0687 191180 tok/s
[B2-6L s1] step 2300/4000 loss 1.0867 178943 tok/s
[B2-6L s0] step 2300/4000 loss 0.9780 178513 tok/s
[B2-6L s2] step 2500/4000 loss 1.0647 190963 tok/s
[B2-6L s1] step 2400/4000 loss 1.0777 178850 tok/s
[B2-6L s0] step 2400/4000 loss 0.9772 178493 tok/s
[B2-6L s2] step 2600/4000 loss 1.0549 190404 tok/s
[B2-6L s1] step 2500/4000 loss 1.0819 178925 tok/s
[B2-6L s0] step 2500/4000 loss 0.9860 178468 tok/s
[B2-6L s2] step 2700/4000 loss 1.0495 189984 tok/s
[B2-6L s1] step 2600/4000 loss 1.0669 179081 tok/s
[B2-6L s0] step 2600/4000 loss 0.9643 178569 tok/s
[B2-6L s2] step 2800/4000 loss 1.0399 189632 tok/s
[B2-6L s1] step 2700/4000 loss 1.0611 179174 tok/s
[B2-6L s0] step 2700/4000 loss 0.9548 178664 tok/s
[B2-6L s2] step 2900/4000 loss 1.0387 189364 tok/s
[B2-6L s1] step 2800/4000 loss 1.0577 179254 tok/s
[B2-6L s0] step 2800/4000 loss 0.9685 178782 tok/s
[B2-6L s2] step 3000/4000 loss 1.0451 189074 tok/s
[B2-6L s1] step 2900/4000 loss 1.0622 179297 tok/s
[B2-6L s0] step 2900/4000 loss 0.9599 178868 tok/s
[B2-6L s2] step 3100/4000 loss 1.0424 188817 tok/s
[B2-6L s1] step 3000/4000 loss 1.0606 179358 tok/s
[B2-6L s0] step 3000/4000 loss 0.9561 178952 tok/s
[B2-6L s2] step 3200/4000 loss 1.0264 188559 tok/s
[B2-6L s1] step 3100/4000 loss 1.0576 179437 tok/s
[B2-6L s0] step 3100/4000 loss 0.9400 179034 tok/s
[B2-6L s2] step 3300/4000 loss 1.0281 188332 tok/s
[B2-6L s1] step 3200/4000 loss 1.0530 179361 tok/s
[B2-6L s0] step 3200/4000 loss 0.9279 178939 tok/s
[B2-6L s2] step 3400/4000 loss 1.0244 187849 tok/s
[B2-6L s1] step 3300/4000 loss 1.0370 179228 tok/s
[B2-6L s0] step 3300/4000 loss 0.8891 178812 tok/s
[B2-6L s2] step 3500/4000 loss 1.0202 187583 tok/s
[B2-6L s1] step 3400/4000 loss 1.0493 179284 tok/s
[B2-6L s0] step 3400/4000 loss 0.9160 178937 tok/s
[B2-6L s2] step 3600/4000 loss 1.0086 187355 tok/s
[B2-6L s1] step 3500/4000 loss 1.0409 179320 tok/s
[B2-6L s0] step 3500/4000 loss 0.9085 179000 tok/s
[B2-6L s2] step 3700/4000 loss 1.0140 187204 tok/s
[B2-6L s1] step 3600/4000 loss 1.0390 179377 tok/s
[B2-6L s0] step 3600/4000 loss 0.9207 179053 tok/s
[B2-6L s2] step 3800/4000 loss 1.0031 187033 tok/s
[B2-6L s1] step 3700/4000 loss 1.0334 179438 tok/s
[B2-6L s0] step 3700/4000 loss 0.8977 179120 tok/s
[B2-6L s2] step 3900/4000 loss 1.0089 186783 tok/s
[B2-6L s1] step 3800/4000 loss 1.0328 179453 tok/s
[B2-6L s0] step 3800/4000 loss 0.8929 179201 tok/s
[B2-6L s2] step 4000/4000 loss 1.0117 186567 tok/s
fatal: not a git repository (or any parent up to mount point /)
Stopping at filesystem boundary (GIT_DISCOVERY_ACROSS_FILESYSTEM not set).
[B2-6L s2] run_id=EXP-002-RS-B2-6L-s2-acbf5a
  rule_shift   29/200 = 0.145
  flops/correct = 7.83e+10
[B2-6L s1] step 3900/4000 loss 1.0477 179645 tok/s
[done rc=0] B2-6L s2
[B2-6L s0] step 3900/4000 loss 0.8786 179525 tok/s
[B2-6L s1] step 4000/4000 loss 1.0246 180626 tok/s
[B2-6L s0] step 4000/4000 loss 0.8888 180436 tok/s
fatal: not a git repository (or any parent up to mount point /)
Stopping at filesystem boundary (GIT_DISCOVERY_ACROSS_FILESYSTEM not set).
[B2-6L s1] run_id=EXP-002-RS-B2-6L-s1-7331a1
  rule_shift   20/200 = 0.100
  flops/correct = 1.14e+11
fatal: not a git repository (or any parent up to mount point /)
Stopping at filesystem boundary (GIT_DISCOVERY_ACROSS_FILESYSTEM not set).
[B2-6L s0] run_id=EXP-002-RS-B2-6L-s0-56994a
  rule_shift   38/200 = 0.190
  flops/correct = 5.98e+10
[done rc=0] B2-6L s1
[done rc=0] B2-6L s0
EXP COMPLETE: 3/3 jobs ok
EXP002_ALL_DONE
[launch] V2-delta s0
[launch] V2-delta s1
[V2-delta s0] 16000 train sequences (4000 skipped), ~5,960,982 tokens/epoch
[V2-delta] params=17.86M hash=68b773b4d585
[V2-delta s0] step 100/4000 loss 1.6819 10314 tok/s
[V2-delta s1] 16000 train sequences (4000 skipped), ~5,960,982 tokens/epoch
[V2-delta] params=17.86M hash=68b773b4d585
[V2-delta s1] step 100/4000 loss 1.6315 9575 tok/s
[V2-delta s0] step 200/4000 loss 0.4890 10454 tok/s
[V2-delta s1] step 200/4000 loss 0.4799 9755 tok/s
[V2-delta s0] step 300/4000 loss 0.4687 10508 tok/s
[V2-delta s1] step 300/4000 loss 0.4615 9932 tok/s
[V2-delta s0] step 400/4000 loss 0.3935 10491 tok/s
[V2-delta s1] step 400/4000 loss 0.4375 9973 tok/s
[V2-delta s0] step 500/4000 loss 0.3617 10418 tok/s
[V2-delta s1] step 500/4000 loss 0.3919 9937 tok/s
[V2-delta s0] step 600/4000 loss 0.3536 10368 tok/s
[V2-delta s1] step 600/4000 loss 0.3335 9911 tok/s
[V2-delta s0] step 700/4000 loss 0.3219 10315 tok/s
[V2-delta s1] step 700/4000 loss 0.3134 9870 tok/s
[V2-delta s0] step 800/4000 loss 0.2968 10315 tok/s
[V2-delta s1] step 800/4000 loss 0.3291 9910 tok/s
[V2-delta s0] step 900/4000 loss 0.2988 10323 tok/s
[V2-delta s1] step 900/4000 loss 0.2948 9946 tok/s
[V2-delta s0] step 1000/4000 loss 0.2963 10248 tok/s
[V2-delta s1] step 1000/4000 loss 0.2975 9953 tok/s
[V2-delta s0] step 1100/4000 loss 0.2847 10190 tok/s
[V2-delta s1] step 1100/4000 loss 0.2901 9965 tok/s
[V2-delta s0] step 1200/4000 loss 0.2765 10132 tok/s
[V2-delta s1] step 1200/4000 loss 0.2727 9967 tok/s
[V2-delta s0] step 1300/4000 loss 0.2795 10077 tok/s
[V2-delta s1] step 1300/4000 loss 0.2749 9966 tok/s
[V2-delta s0] step 1400/4000 loss 0.2735 10044 tok/s
[V2-delta s1] step 1400/4000 loss 0.2700 9979 tok/s
[V2-delta s0] step 1500/4000 loss 0.2664 10002 tok/s
[V2-delta s1] step 1500/4000 loss 0.2657 9984 tok/s
[V2-delta s0] step 1600/4000 loss 0.2715 9996 tok/s
[V2-delta s1] step 1600/4000 loss 0.2334 9991 tok/s
[V2-delta s1] step 1700/4000 loss 0.1927 10006 tok/s
[V2-delta s0] step 1700/4000 loss 0.2669 10000 tok/s
[V2-delta s1] step 1800/4000 loss 0.1669 10020 tok/s
[V2-delta s0] step 1800/4000 loss 0.2536 10013 tok/s
[V2-delta s0] step 1900/4000 loss 0.2391 10046 tok/s
[V2-delta s1] step 1900/4000 loss 0.1590 10025 tok/s
[V2-delta s0] step 2000/4000 loss 0.2213 10066 tok/s
[V2-delta s1] step 2000/4000 loss 0.1481 10026 tok/s
[V2-delta s0] step 2100/4000 loss 0.1780 10085 tok/s
[V2-delta s1] step 2100/4000 loss 0.1381 10029 tok/s
[V2-delta s0] step 2200/4000 loss 0.1576 10103 tok/s
[V2-delta s1] step 2200/4000 loss 0.1314 10040 tok/s
[V2-delta s0] step 2300/4000 loss 0.1502 10122 tok/s
[V2-delta s1] step 2300/4000 loss 0.1353 10048 tok/s
[V2-delta s0] step 2400/4000 loss 0.1459 10135 tok/s
[V2-delta s1] step 2400/4000 loss 0.1270 10059 tok/s
[V2-delta s0] step 2500/4000 loss 0.1508 10146 tok/s
[V2-delta s1] step 2500/4000 loss 0.1277 10063 tok/s
[V2-delta s0] step 2600/4000 loss 0.1323 10153 tok/s
[V2-delta s1] step 2600/4000 loss 0.1117 10058 tok/s
[V2-delta s0] step 2700/4000 loss 0.1253 10141 tok/s
[V2-delta s1] step 2700/4000 loss 0.1128 10037 tok/s
[V2-delta s0] step 2800/4000 loss 0.1273 10131 tok/s
[V2-delta s1] step 2800/4000 loss 0.1115 10028 tok/s
[V2-delta s0] step 2900/4000 loss 0.1281 10133 tok/s
[V2-delta s1] step 2900/4000 loss 0.1113 10020 tok/s
[V2-delta s0] step 3000/4000 loss 0.1229 10134 tok/s
[V2-delta s1] step 3000/4000 loss 0.1080 10021 tok/s
[V2-delta s0] step 3100/4000 loss 0.1122 10135 tok/s
[V2-delta s1] step 3100/4000 loss 0.0997 10013 tok/s
[V2-delta s0] step 3200/4000 loss 0.1101 10144 tok/s
[V2-delta s1] step 3200/4000 loss 0.0947 10011 tok/s
[V2-delta s0] step 3300/4000 loss 0.1062 10151 tok/s
[V2-delta s1] step 3300/4000 loss 0.0946 10019 tok/s
[V2-delta s0] step 3400/4000 loss 0.1090 10151 tok/s
[V2-delta s1] step 3400/4000 loss 0.0943 10016 tok/s
[V2-delta s0] step 3500/4000 loss 0.1057 10154 tok/s
[V2-delta s1] step 3500/4000 loss 0.0902 10018 tok/s
[V2-delta s0] step 3600/4000 loss 0.0977 10160 tok/s
[V2-delta s1] step 3600/4000 loss 0.0849 10016 tok/s
[V2-delta s0] step 3700/4000 loss 0.1002 10168 tok/s
[V2-delta s1] step 3700/4000 loss 0.0802 10015 tok/s
[V2-delta s0] step 3800/4000 loss 0.0928 10180 tok/s
[V2-delta s1] step 3800/4000 loss 0.0850 10018 tok/s
[V2-delta s0] step 3900/4000 loss 0.0951 10187 tok/s
[V2-delta s1] step 3900/4000 loss 0.0790 10023 tok/s
[V2-delta s0] step 4000/4000 loss 0.0995 10191 tok/s
fatal: not a git repository (or any parent up to mount point /)
Stopping at filesystem boundary (GIT_DISCOVERY_ACROSS_FILESYSTEM not set).
[V2-delta s0] run_id=EXP-002-SG-V2-delta-s0-3db48c
  state_guard  126/200 = 0.630
  flops/correct = 2.7e+10
[done rc=0] V2-delta s0
[launch] V2-delta s2
[V2-delta s1] step 4000/4000 loss 0.0832 10024 tok/s
fatal: not a git repository (or any parent up to mount point /)
Stopping at filesystem boundary (GIT_DISCOVERY_ACROSS_FILESYSTEM not set).
[V2-delta s1] run_id=EXP-002-SG-V2-delta-s1-f3f611
  state_guard  116/200 = 0.580
  flops/correct = 2.93e+10
[done rc=0] V2-delta s1
[V2-delta s2] 16000 train sequences (4000 skipped), ~5,960,982 tokens/epoch
[V2-delta] params=17.86M hash=68b773b4d585
[V2-delta s2] step 100/4000 loss 1.7083 10292 tok/s
[V2-delta s2] step 200/4000 loss 0.4797 10329 tok/s
[V2-delta s2] step 300/4000 loss 0.4231 10380 tok/s
[V2-delta s2] step 400/4000 loss 0.3742 10343 tok/s
[V2-delta s2] step 500/4000 loss 0.3471 10276 tok/s
[V2-delta s2] step 600/4000 loss 0.3251 10220 tok/s
[V2-delta s2] step 700/4000 loss 0.3064 10250 tok/s
[V2-delta s2] step 800/4000 loss 0.3060 10264 tok/s
[V2-delta s2] step 900/4000 loss 0.2856 10324 tok/s
[V2-delta s2] step 1000/4000 loss 0.2648 10340 tok/s
[V2-delta s2] step 1100/4000 loss 0.2534 10372 tok/s
[V2-delta s2] step 1200/4000 loss 0.2440 10308 tok/s
[V2-delta s2] step 1300/4000 loss 0.2447 10280 tok/s
[V2-delta s2] step 1400/4000 loss 0.2177 10319 tok/s
[V2-delta s2] step 1500/4000 loss 0.1945 10340 tok/s
[V2-delta s2] step 1600/4000 loss 0.1786 10370 tok/s
[V2-delta s2] step 1700/4000 loss 0.1742 10360 tok/s
[V2-delta s2] step 1800/4000 loss 0.1631 10383 tok/s
[V2-delta s2] step 1900/4000 loss 0.1505 10404 tok/s
[V2-delta s2] step 2000/4000 loss 0.1546 10383 tok/s
[V2-delta s2] step 2100/4000 loss 0.1327 10393 tok/s
[V2-delta s2] step 2200/4000 loss 0.1442 10397 tok/s
[V2-delta s2] step 2300/4000 loss 0.1354 10414 tok/s
[V2-delta s2] step 2400/4000 loss 0.1355 10415 tok/s
[V2-delta s2] step 2500/4000 loss 0.1240 10429 tok/s
[V2-delta s2] step 2600/4000 loss 0.1178 10431 tok/s
[V2-delta s2] step 2700/4000 loss 0.1179 10427 tok/s
[V2-delta s2] step 2800/4000 loss 0.1215 10405 tok/s
[V2-delta s2] step 2900/4000 loss 0.1154 10374 tok/s
[V2-delta s2] step 3000/4000 loss 0.1084 10366 tok/s
[V2-delta s2] step 3100/4000 loss 0.1012 10345 tok/s
[V2-delta s2] step 3200/4000 loss 0.1014 10322 tok/s
[V2-delta s2] step 3300/4000 loss 0.1005 10303 tok/s
[V2-delta s2] step 3400/4000 loss 0.0986 10272 tok/s
[V2-delta s2] step 3500/4000 loss 0.1011 10227 tok/s
[V2-delta s2] step 3600/4000 loss 0.0896 10204 tok/s
[V2-delta s2] step 3700/4000 loss 0.0887 10177 tok/s
[V2-delta s2] step 3800/4000 loss 0.0853 10166 tok/s
[V2-delta s2] step 3900/4000 loss 0.0912 10159 tok/s
[V2-delta s2] step 4000/4000 loss 0.0876 10160 tok/s
fatal: not a git repository (or any parent up to mount point /)
Stopping at filesystem boundary (GIT_DISCOVERY_ACROSS_FILESYSTEM not set).
[V2-delta s2] run_id=EXP-002-SG-V2-delta-s2-f080a7
  state_guard  125/200 = 0.625
  flops/correct = 2.72e+10
[done rc=0] V2-delta s2
EXP COMPLETE: 3/3 jobs ok
EXP002_REALLY_ALL_DONE
