== (a) headroom: trivial solvers ==
  [OK ] dsl_learn    majority=0.047 nn_overlap=0.025 copy_last=0.128
  [OK ] rewrite      majority=0.000 nn_overlap=0.000 copy_last=0.000
  [OK ] algo_exec    majority=0.141 nn_overlap=0.084 copy_last=0.000
  [OK ] rule_shift   majority=0.000 nn_overlap=0.003 copy_last=0.000
  [OK ] compress     majority=0.013 nn_overlap=0.028 copy_last=0.000
  [OK ] state_guard  majority=0.172 nn_overlap=0.188 copy_last=0.000
  [OK ] fresh_dsl    majority=0.037 nn_overlap=0.006 copy_last=0.059
== (b) 4L vs 8L Transformer++, per-family ==
[gate-tfpp-4L-dsl_learn s0] 20000 train sequences (0 skipped), ~5,018,300 tokens/epoch
[gate-tfpp-4L-dsl_learn] params=3.02M hash=e1373d14ad9c
[gate-tfpp-4L-dsl_learn s0] step 100/4000 loss 2.8040 1054270 tok/s
[gate-tfpp-4L-dsl_learn s0] step 200/4000 loss 1.2315 1225796 tok/s
[gate-tfpp-4L-dsl_learn s0] step 300/4000 loss 1.1382 1294952 tok/s
[gate-tfpp-4L-dsl_learn s0] step 400/4000 loss 1.1227 1331811 tok/s
[gate-tfpp-4L-dsl_learn s0] step 500/4000 loss 1.1175 1361387 tok/s
[gate-tfpp-4L-dsl_learn s0] step 600/4000 loss 1.1057 1375248 tok/s
[gate-tfpp-4L-dsl_learn s0] step 700/4000 loss 1.0822 1382943 tok/s
[gate-tfpp-4L-dsl_learn s0] step 800/4000 loss 1.0628 1392918 tok/s
[gate-tfpp-4L-dsl_learn s0] step 900/4000 loss 1.0463 1394744 tok/s
[gate-tfpp-4L-dsl_learn s0] step 1000/4000 loss 1.0280 1401388 tok/s
[gate-tfpp-4L-dsl_learn s0] step 1100/4000 loss 1.0069 1407825 tok/s
[gate-tfpp-4L-dsl_learn s0] step 1200/4000 loss 0.9963 1425875 tok/s
[gate-tfpp-4L-dsl_learn s0] step 1300/4000 loss 0.9871 1442947 tok/s
[gate-tfpp-4L-dsl_learn s0] step 1400/4000 loss 0.9803 1456738 tok/s
[gate-tfpp-4L-dsl_learn s0] step 1500/4000 loss 0.9731 1467134 tok/s
[gate-tfpp-4L-dsl_learn s0] step 1600/4000 loss 0.9640 1478412 tok/s
[gate-tfpp-4L-dsl_learn s0] step 1700/4000 loss 0.9657 1487918 tok/s
[gate-tfpp-4L-dsl_learn s0] step 1800/4000 loss 0.9555 1496085 tok/s
[gate-tfpp-4L-dsl_learn s0] step 1900/4000 loss 0.9631 1503117 tok/s
[gate-tfpp-4L-dsl_learn s0] step 2000/4000 loss 0.9372 1510899 tok/s
[gate-tfpp-4L-dsl_learn s0] step 2100/4000 loss 0.9395 1516780 tok/s
[gate-tfpp-4L-dsl_learn s0] step 2200/4000 loss 0.9337 1522793 tok/s
[gate-tfpp-4L-dsl_learn s0] step 2300/4000 loss 0.9184 1527161 tok/s
[gate-tfpp-4L-dsl_learn s0] step 2400/4000 loss 0.9296 1531890 tok/s
[gate-tfpp-4L-dsl_learn s0] step 2500/4000 loss 0.9326 1537076 tok/s
[gate-tfpp-4L-dsl_learn s0] step 2600/4000 loss 0.8985 1541205 tok/s
[gate-tfpp-4L-dsl_learn s0] step 2700/4000 loss 0.9004 1544321 tok/s
[gate-tfpp-4L-dsl_learn s0] step 2800/4000 loss 0.9046 1548489 tok/s
[gate-tfpp-4L-dsl_learn s0] step 2900/4000 loss 0.8932 1551208 tok/s
[gate-tfpp-4L-dsl_learn s0] step 3000/4000 loss 0.8902 1554533 tok/s
[gate-tfpp-4L-dsl_learn s0] step 3100/4000 loss 0.8992 1558142 tok/s
[gate-tfpp-4L-dsl_learn s0] step 3200/4000 loss 0.8786 1561303 tok/s
[gate-tfpp-4L-dsl_learn s0] step 3300/4000 loss 0.8573 1561595 tok/s
[gate-tfpp-4L-dsl_learn s0] step 3400/4000 loss 0.8727 1559276 tok/s
[gate-tfpp-4L-dsl_learn s0] step 3500/4000 loss 0.8737 1556452 tok/s
[gate-tfpp-4L-dsl_learn s0] step 3600/4000 loss 0.8902 1554195 tok/s
[gate-tfpp-4L-dsl_learn s0] step 3700/4000 loss 0.8627 1551538 tok/s
[gate-tfpp-4L-dsl_learn s0] step 3800/4000 loss 0.8538 1548687 tok/s
[gate-tfpp-4L-dsl_learn s0] step 3900/4000 loss 0.8586 1545215 tok/s
[gate-tfpp-4L-dsl_learn s0] step 4000/4000 loss 0.8694 1542543 tok/s
fatal: not a git repository (or any parent up to mount point /)
Stopping at filesystem boundary (GIT_DISCOVERY_ACROSS_FILESYSTEM not set).
[gate-tfpp-4L-dsl_learn s0] run_id=EXP-000-gate-tfpp-4L-dsl_learn-s0-8391fa
  dsl_learn    42/200 = 0.210
  flops/correct = 8.46e+09
[gate-tfpp-8L-dsl_learn s0] 20000 train sequences (0 skipped), ~5,018,300 tokens/epoch
[gate-tfpp-8L-dsl_learn] params=5.97M hash=2b26dc877893
[gate-tfpp-8L-dsl_learn s0] step 100/4000 loss 2.7504 864586 tok/s
[gate-tfpp-8L-dsl_learn s0] step 200/4000 loss 1.2310 862430 tok/s
[gate-tfpp-8L-dsl_learn s0] step 300/4000 loss 1.1297 858931 tok/s
[gate-tfpp-8L-dsl_learn s0] step 400/4000 loss 1.1207 856430 tok/s
[gate-tfpp-8L-dsl_learn s0] step 500/4000 loss 1.1070 858242 tok/s
[gate-tfpp-8L-dsl_learn s0] step 600/4000 loss 1.0871 856596 tok/s
[gate-tfpp-8L-dsl_learn s0] step 700/4000 loss 1.0829 856477 tok/s
[gate-tfpp-8L-dsl_learn s0] step 800/4000 loss 1.0641 858275 tok/s
[gate-tfpp-8L-dsl_learn s0] step 900/4000 loss 1.0486 857043 tok/s
[gate-tfpp-8L-dsl_learn s0] step 1000/4000 loss 1.0347 856665 tok/s
[gate-tfpp-8L-dsl_learn s0] step 1100/4000 loss 1.0118 856700 tok/s
[gate-tfpp-8L-dsl_learn s0] step 1200/4000 loss 1.0093 857042 tok/s
[gate-tfpp-8L-dsl_learn s0] step 1300/4000 loss 0.9970 857952 tok/s
[gate-tfpp-8L-dsl_learn s0] step 1400/4000 loss 0.9886 858330 tok/s
[gate-tfpp-8L-dsl_learn s0] step 1500/4000 loss 0.9867 861687 tok/s
[gate-tfpp-8L-dsl_learn s0] step 1600/4000 loss 0.9675 867664 tok/s
[gate-tfpp-8L-dsl_learn s0] step 1700/4000 loss 0.9741 872679 tok/s
[gate-tfpp-8L-dsl_learn s0] step 1800/4000 loss 0.9637 877014 tok/s
[gate-tfpp-8L-dsl_learn s0] step 1900/4000 loss 0.9695 880798 tok/s
[gate-tfpp-8L-dsl_learn s0] step 2000/4000 loss 0.9456 884844 tok/s
[gate-tfpp-8L-dsl_learn s0] step 2100/4000 loss 0.9511 888013 tok/s
[gate-tfpp-8L-dsl_learn s0] step 2200/4000 loss 0.9369 891095 tok/s
[gate-tfpp-8L-dsl_learn s0] step 2300/4000 loss 0.9225 893427 tok/s
[gate-tfpp-8L-dsl_learn s0] step 2400/4000 loss 0.9360 895905 tok/s
[gate-tfpp-8L-dsl_learn s0] step 2500/4000 loss 0.9417 898550 tok/s
[gate-tfpp-8L-dsl_learn s0] step 2600/4000 loss 0.9030 900658 tok/s
[gate-tfpp-8L-dsl_learn s0] step 2700/4000 loss 0.9071 902329 tok/s
[gate-tfpp-8L-dsl_learn s0] step 2800/4000 loss 0.9161 904490 tok/s
[gate-tfpp-8L-dsl_learn s0] step 2900/4000 loss 0.8986 906069 tok/s
[gate-tfpp-8L-dsl_learn s0] step 3000/4000 loss 0.8944 907903 tok/s
[gate-tfpp-8L-dsl_learn s0] step 3100/4000 loss 0.9076 909833 tok/s
[gate-tfpp-8L-dsl_learn s0] step 3200/4000 loss 0.8833 911400 tok/s
[gate-tfpp-8L-dsl_learn s0] step 3300/4000 loss 0.8634 912637 tok/s
[gate-tfpp-8L-dsl_learn s0] step 3400/4000 loss 0.8824 914083 tok/s
[gate-tfpp-8L-dsl_learn s0] step 3500/4000 loss 0.8802 915268 tok/s
[gate-tfpp-8L-dsl_learn s0] step 3600/4000 loss 0.8978 916572 tok/s
[gate-tfpp-8L-dsl_learn s0] step 3700/4000 loss 0.8695 917816 tok/s
[gate-tfpp-8L-dsl_learn s0] step 3800/4000 loss 0.8617 919018 tok/s
[gate-tfpp-8L-dsl_learn s0] step 3900/4000 loss 0.8609 919904 tok/s
[gate-tfpp-8L-dsl_learn s0] step 4000/4000 loss 0.8726 921087 tok/s
fatal: not a git repository (or any parent up to mount point /)
Stopping at filesystem boundary (GIT_DISCOVERY_ACROSS_FILESYSTEM not set).
[gate-tfpp-8L-dsl_learn s0] run_id=EXP-000-gate-tfpp-8L-dsl_learn-s0-1c455c
  dsl_learn    37/200 = 0.185
  flops/correct = 1.9e+10
[gate-tfpp-4L-rewrite s0] 20000 train sequences (0 skipped), ~4,936,988 tokens/epoch
[gate-tfpp-4L-rewrite] params=3.02M hash=e1373d14ad9c
[gate-tfpp-4L-rewrite s0] step 100/4000 loss 3.0609 1166329 tok/s
[gate-tfpp-4L-rewrite s0] step 200/4000 loss 1.4806 1161032 tok/s
[gate-tfpp-4L-rewrite s0] step 300/4000 loss 1.0329 1160214 tok/s
[gate-tfpp-4L-rewrite s0] step 400/4000 loss 0.8461 1162330 tok/s
[gate-tfpp-4L-rewrite s0] step 500/4000 loss 0.7865 1161678 tok/s
[gate-tfpp-4L-rewrite s0] step 600/4000 loss 0.7539 1160985 tok/s
[gate-tfpp-4L-rewrite s0] step 700/4000 loss 0.7052 1160415 tok/s
[gate-tfpp-4L-rewrite s0] step 800/4000 loss 0.6877 1161889 tok/s
[gate-tfpp-4L-rewrite s0] step 900/4000 loss 0.6798 1161789 tok/s
[gate-tfpp-4L-rewrite s0] step 1000/4000 loss 0.6317 1161205 tok/s
[gate-tfpp-4L-rewrite s0] step 1100/4000 loss 0.5810 1161054 tok/s
[gate-tfpp-4L-rewrite s0] step 1200/4000 loss 0.5505 1160624 tok/s
[gate-tfpp-4L-rewrite s0] step 1300/4000 loss 0.5293 1160172 tok/s
[gate-tfpp-4L-rewrite s0] step 1400/4000 loss 0.5026 1160317 tok/s
[gate-tfpp-4L-rewrite s0] step 1500/4000 loss 0.4909 1160189 tok/s
[gate-tfpp-4L-rewrite s0] step 1600/4000 loss 0.4715 1162522 tok/s
[gate-tfpp-4L-rewrite s0] step 1700/4000 loss 0.4654 1164597 tok/s
[gate-tfpp-4L-rewrite s0] step 1800/4000 loss 0.4606 1166617 tok/s
[gate-tfpp-4L-rewrite s0] step 1900/4000 loss 0.4438 1168289 tok/s
[gate-tfpp-4L-rewrite s0] step 2000/4000 loss 0.4134 1168402 tok/s
[gate-tfpp-4L-rewrite s0] step 2100/4000 loss 0.3960 1168116 tok/s
[gate-tfpp-4L-rewrite s0] step 2200/4000 loss 0.3869 1167289 tok/s
[gate-tfpp-4L-rewrite s0] step 2300/4000 loss 0.3582 1166639 tok/s
[gate-tfpp-4L-rewrite s0] step 2400/4000 loss 0.3243 1166088 tok/s
[gate-tfpp-4L-rewrite s0] step 2500/4000 loss 0.2976 1165532 tok/s
[gate-tfpp-4L-rewrite s0] step 2600/4000 loss 0.2660 1165641 tok/s
[gate-tfpp-4L-rewrite s0] step 2700/4000 loss 0.2571 1165316 tok/s
[gate-tfpp-4L-rewrite s0] step 2800/4000 loss 0.2505 1164943 tok/s
[gate-tfpp-4L-rewrite s0] step 2900/4000 loss 0.2518 1164596 tok/s
[gate-tfpp-4L-rewrite s0] step 3000/4000 loss 0.2369 1164503 tok/s
[gate-tfpp-4L-rewrite s0] step 3100/4000 loss 0.2386 1169060 tok/s
[gate-tfpp-4L-rewrite s0] step 3200/4000 loss 0.2163 1174071 tok/s
[gate-tfpp-4L-rewrite s0] step 3300/4000 loss 0.2009 1178818 tok/s
[gate-tfpp-4L-rewrite s0] step 3400/4000 loss 0.2050 1183321 tok/s
[gate-tfpp-4L-rewrite s0] step 3500/4000 loss 0.2010 1187594 tok/s
[gate-tfpp-4L-rewrite s0] step 3600/4000 loss 0.1991 1191663 tok/s
[gate-tfpp-4L-rewrite s0] step 3700/4000 loss 0.1934 1195530 tok/s
[gate-tfpp-4L-rewrite s0] step 3800/4000 loss 0.1881 1199228 tok/s
[gate-tfpp-4L-rewrite s0] step 3900/4000 loss 0.1750 1202752 tok/s
[gate-tfpp-4L-rewrite s0] step 4000/4000 loss 0.1885 1206118 tok/s
fatal: not a git repository (or any parent up to mount point /)
Stopping at filesystem boundary (GIT_DISCOVERY_ACROSS_FILESYSTEM not set).
[gate-tfpp-4L-rewrite s0] run_id=EXP-000-gate-tfpp-4L-rewrite-s0-92157c
  rewrite      125/200 = 0.625
  flops/correct = 2.77e+09
[gate-tfpp-8L-rewrite s0] 20000 train sequences (0 skipped), ~4,936,988 tokens/epoch
[gate-tfpp-8L-rewrite] params=5.97M hash=2b26dc877893
[gate-tfpp-8L-rewrite s0] step 100/4000 loss 3.0547 728067 tok/s
[gate-tfpp-8L-rewrite s0] step 200/4000 loss 1.4939 769144 tok/s
[gate-tfpp-8L-rewrite s0] step 300/4000 loss 1.2216 782950 tok/s
[gate-tfpp-8L-rewrite s0] step 400/4000 loss 0.8974 789509 tok/s
[gate-tfpp-8L-rewrite s0] step 500/4000 loss 0.8234 798238 tok/s
[gate-tfpp-8L-rewrite s0] step 600/4000 loss 0.7438 804066 tok/s
[gate-tfpp-8L-rewrite s0] step 700/4000 loss 0.6720 808346 tok/s
[gate-tfpp-8L-rewrite s0] step 800/4000 loss 0.5945 811672 tok/s
[gate-tfpp-8L-rewrite s0] step 900/4000 loss 0.5361 814206 tok/s
[gate-tfpp-8L-rewrite s0] step 1000/4000 loss 0.4483 816372 tok/s
[gate-tfpp-8L-rewrite s0] step 1100/4000 loss 0.3650 817933 tok/s
[gate-tfpp-8L-rewrite s0] step 1200/4000 loss 0.3420 819176 tok/s
[gate-tfpp-8L-rewrite s0] step 1300/4000 loss 0.3162 820047 tok/s
[gate-tfpp-8L-rewrite s0] step 1400/4000 loss 0.3049 821018 tok/s
[gate-tfpp-8L-rewrite s0] step 1500/4000 loss 0.2902 821818 tok/s
[gate-tfpp-8L-rewrite s0] step 1600/4000 loss 0.2677 822444 tok/s
[gate-tfpp-8L-rewrite s0] step 1700/4000 loss 0.2713 822956 tok/s
[gate-tfpp-8L-rewrite s0] step 1800/4000 loss 0.2643 823554 tok/s
[gate-tfpp-8L-rewrite s0] step 1900/4000 loss 0.2500 823984 tok/s
[gate-tfpp-8L-rewrite s0] step 2000/4000 loss 0.2262 824445 tok/s
[gate-tfpp-8L-rewrite s0] step 2100/4000 loss 0.2282 824911 tok/s
[gate-tfpp-8L-rewrite s0] step 2200/4000 loss 0.2268 825429 tok/s
[gate-tfpp-8L-rewrite s0] step 2300/4000 loss 0.2169 825767 tok/s
[gate-tfpp-8L-rewrite s0] step 2400/4000 loss 0.2110 826098 tok/s
[gate-tfpp-8L-rewrite s0] step 2500/4000 loss 0.2029 826247 tok/s
[gate-tfpp-8L-rewrite s0] step 2600/4000 loss 0.1780 826565 tok/s
[gate-tfpp-8L-rewrite s0] step 2700/4000 loss 0.1773 826824 tok/s
[gate-tfpp-8L-rewrite s0] step 2800/4000 loss 0.1778 827055 tok/s
[gate-tfpp-8L-rewrite s0] step 2900/4000 loss 0.1776 827287 tok/s
[gate-tfpp-8L-rewrite s0] step 3000/4000 loss 0.1652 827482 tok/s
[gate-tfpp-8L-rewrite s0] step 3100/4000 loss 0.1714 827706 tok/s
[gate-tfpp-8L-rewrite s0] step 3200/4000 loss 0.1489 827896 tok/s
[gate-tfpp-8L-rewrite s0] step 3300/4000 loss 0.1375 828113 tok/s
[gate-tfpp-8L-rewrite s0] step 3400/4000 loss 0.1434 828370 tok/s
[gate-tfpp-8L-rewrite s0] step 3500/4000 loss 0.1409 828655 tok/s
[gate-tfpp-8L-rewrite s0] step 3600/4000 loss 0.1377 828727 tok/s
[gate-tfpp-8L-rewrite s0] step 3700/4000 loss 0.1356 828929 tok/s
[gate-tfpp-8L-rewrite s0] step 3800/4000 loss 0.1270 829060 tok/s
[gate-tfpp-8L-rewrite s0] step 3900/4000 loss 0.1184 829098 tok/s
[gate-tfpp-8L-rewrite s0] step 4000/4000 loss 0.1302 829186 tok/s
fatal: not a git repository (or any parent up to mount point /)
Stopping at filesystem boundary (GIT_DISCOVERY_ACROSS_FILESYSTEM not set).
[gate-tfpp-8L-rewrite s0] run_id=EXP-000-gate-tfpp-8L-rewrite-s0-c4c701
  rewrite      137/200 = 0.685
  flops/correct = 5.02e+09
[gate-tfpp-4L-algo_exec s0] 20000 train sequences (0 skipped), ~2,723,203 tokens/epoch
[gate-tfpp-4L-algo_exec] params=3.02M hash=e1373d14ad9c
[gate-tfpp-4L-algo_exec s0] step 100/4000 loss 2.7683 708140 tok/s
[gate-tfpp-4L-algo_exec s0] step 200/4000 loss 1.1306 709411 tok/s
[gate-tfpp-4L-algo_exec s0] step 300/4000 loss 1.0198 709376 tok/s
[gate-tfpp-4L-algo_exec s0] step 400/4000 loss 0.9547 709364 tok/s
[gate-tfpp-4L-algo_exec s0] step 500/4000 loss 0.9513 709749 tok/s
[gate-tfpp-4L-algo_exec s0] step 600/4000 loss 0.9273 710576 tok/s
[gate-tfpp-4L-algo_exec s0] step 700/4000 loss 0.8948 710661 tok/s
[gate-tfpp-4L-algo_exec s0] step 800/4000 loss 0.8870 711925 tok/s
[gate-tfpp-4L-algo_exec s0] step 900/4000 loss 0.8638 724039 tok/s
[gate-tfpp-4L-algo_exec s0] step 1000/4000 loss 0.8399 735198 tok/s
[gate-tfpp-4L-algo_exec s0] step 1100/4000 loss 0.8144 744501 tok/s
[gate-tfpp-4L-algo_exec s0] step 1200/4000 loss 0.7944 752318 tok/s
[gate-tfpp-4L-algo_exec s0] step 1300/4000 loss 0.7820 758467 tok/s
[gate-tfpp-4L-algo_exec s0] step 1400/4000 loss 0.7528 764513 tok/s
[gate-tfpp-4L-algo_exec s0] step 1500/4000 loss 0.7507 769789 tok/s
[gate-tfpp-4L-algo_exec s0] step 1600/4000 loss 0.7320 774425 tok/s
[gate-tfpp-4L-algo_exec s0] step 1700/4000 loss 0.7261 778572 tok/s
[gate-tfpp-4L-algo_exec s0] step 1800/4000 loss 0.6939 782421 tok/s
[gate-tfpp-4L-algo_exec s0] step 1900/4000 loss 0.6829 785725 tok/s
[gate-tfpp-4L-algo_exec s0] step 2000/4000 loss 0.6639 788890 tok/s
[gate-tfpp-4L-algo_exec s0] step 2100/4000 loss 0.6700 791865 tok/s
[gate-tfpp-4L-algo_exec s0] step 2200/4000 loss 0.6500 794384 tok/s
[gate-tfpp-4L-algo_exec s0] step 2300/4000 loss 0.6208 796584 tok/s
[gate-tfpp-4L-algo_exec s0] step 2400/4000 loss 0.6258 798724 tok/s
[gate-tfpp-4L-algo_exec s0] step 2500/4000 loss 0.6254 800782 tok/s
[gate-tfpp-4L-algo_exec s0] step 2600/4000 loss 0.5984 802767 tok/s
[gate-tfpp-4L-algo_exec s0] step 2700/4000 loss 0.5880 804001 tok/s
[gate-tfpp-4L-algo_exec s0] step 2800/4000 loss 0.5942 805685 tok/s
[gate-tfpp-4L-algo_exec s0] step 2900/4000 loss 0.5850 807252 tok/s
[gate-tfpp-4L-algo_exec s0] step 3000/4000 loss 0.5691 808632 tok/s
[gate-tfpp-4L-algo_exec s0] step 3100/4000 loss 0.5670 809934 tok/s
[gate-tfpp-4L-algo_exec s0] step 3200/4000 loss 0.5691 811055 tok/s
[gate-tfpp-4L-algo_exec s0] step 3300/4000 loss 0.5386 812100 tok/s
[gate-tfpp-4L-algo_exec s0] step 3400/4000 loss 0.5422 813214 tok/s
[gate-tfpp-4L-algo_exec s0] step 3500/4000 loss 0.5284 814163 tok/s
[gate-tfpp-4L-algo_exec s0] step 3600/4000 loss 0.5476 815049 tok/s
[gate-tfpp-4L-algo_exec s0] step 3700/4000 loss 0.5420 815945 tok/s
[gate-tfpp-4L-algo_exec s0] step 3800/4000 loss 0.5432 816876 tok/s
[gate-tfpp-4L-algo_exec s0] step 3900/4000 loss 0.5148 814852 tok/s
[gate-tfpp-4L-algo_exec s0] step 4000/4000 loss 0.5388 808731 tok/s
fatal: not a git repository (or any parent up to mount point /)
Stopping at filesystem boundary (GIT_DISCOVERY_ACROSS_FILESYSTEM not set).
[gate-tfpp-4L-algo_exec s0] run_id=EXP-000-gate-tfpp-4L-algo_exec-s0-6732f4
  algo_exec    91/200 = 0.455
  flops/correct = 1.95e+09
[gate-tfpp-8L-algo_exec s0] 20000 train sequences (0 skipped), ~2,723,203 tokens/epoch
[gate-tfpp-8L-algo_exec] params=5.97M hash=2b26dc877893
[gate-tfpp-8L-algo_exec s0] step 100/4000 loss 2.7387 410657 tok/s
[gate-tfpp-8L-algo_exec s0] step 200/4000 loss 1.1412 389274 tok/s
[gate-tfpp-8L-algo_exec s0] step 300/4000 loss 1.0394 383485 tok/s
[gate-tfpp-8L-algo_exec s0] step 400/4000 loss 0.9708 380831 tok/s
[gate-tfpp-8L-algo_exec s0] step 500/4000 loss 0.9556 378892 tok/s
[gate-tfpp-8L-algo_exec s0] step 600/4000 loss 0.9267 377551 tok/s
[gate-tfpp-8L-algo_exec s0] step 700/4000 loss 0.8985 376655 tok/s
[gate-tfpp-8L-algo_exec s0] step 800/4000 loss 0.8843 376058 tok/s
[gate-tfpp-8L-algo_exec s0] step 900/4000 loss 0.8678 375678 tok/s
[gate-tfpp-8L-algo_exec s0] step 1000/4000 loss 0.8501 375212 tok/s
[gate-tfpp-8L-algo_exec s0] step 1100/4000 loss 0.8409 374729 tok/s
[gate-tfpp-8L-algo_exec s0] step 1200/4000 loss 0.8129 374643 tok/s
[gate-tfpp-8L-algo_exec s0] step 1300/4000 loss 0.8107 374539 tok/s
[gate-tfpp-8L-algo_exec s0] step 1400/4000 loss 0.7959 374994 tok/s
[gate-tfpp-8L-algo_exec s0] step 1500/4000 loss 0.7955 377854 tok/s
[gate-tfpp-8L-algo_exec s0] step 1600/4000 loss 0.7777 380290 tok/s
[gate-tfpp-8L-algo_exec s0] step 1700/4000 loss 0.7734 382469 tok/s
[gate-tfpp-8L-algo_exec s0] step 1800/4000 loss 0.7564 384764 tok/s
[gate-tfpp-8L-algo_exec s0] step 1900/4000 loss 0.7435 386653 tok/s
[gate-tfpp-8L-algo_exec s0] step 2000/4000 loss 0.7454 388476 tok/s
[gate-tfpp-8L-algo_exec s0] step 2100/4000 loss 0.7277 387856 tok/s
[gate-tfpp-8L-algo_exec s0] step 2200/4000 loss 0.7100 389351 tok/s
[gate-tfpp-8L-algo_exec s0] step 2300/4000 loss 0.6905 391055 tok/s
[gate-tfpp-8L-algo_exec s0] step 2400/4000 loss 0.6909 392688 tok/s
[gate-tfpp-8L-algo_exec s0] step 2500/4000 loss 0.6877 394227 tok/s
[gate-tfpp-8L-algo_exec s0] step 2600/4000 loss 0.6540 395732 tok/s
[gate-tfpp-8L-algo_exec s0] step 2700/4000 loss 0.6487 397014 tok/s
[gate-tfpp-8L-algo_exec s0] step 2800/4000 loss 0.6443 398275 tok/s
[gate-tfpp-8L-algo_exec s0] step 2900/4000 loss 0.6304 399490 tok/s
[gate-tfpp-8L-algo_exec s0] step 3000/4000 loss 0.6130 400553 tok/s
[gate-tfpp-8L-algo_exec s0] step 3100/4000 loss 0.6127 401562 tok/s
[gate-tfpp-8L-algo_exec s0] step 3200/4000 loss 0.6063 402540 tok/s
[gate-tfpp-8L-algo_exec s0] step 3300/4000 loss 0.5775 403413 tok/s
[gate-tfpp-8L-algo_exec s0] step 3400/4000 loss 0.5836 404261 tok/s
[gate-tfpp-8L-algo_exec s0] step 3500/4000 loss 0.5672 405032 tok/s
[gate-tfpp-8L-algo_exec s0] step 3600/4000 loss 0.5830 405816 tok/s
[gate-tfpp-8L-algo_exec s0] step 3700/4000 loss 0.5674 406535 tok/s
[gate-tfpp-8L-algo_exec s0] step 3800/4000 loss 0.5697 407259 tok/s
[gate-tfpp-8L-algo_exec s0] step 3900/4000 loss 0.5521 407910 tok/s
[gate-tfpp-8L-algo_exec s0] step 4000/4000 loss 0.5719 408596 tok/s
fatal: not a git repository (or any parent up to mount point /)
Stopping at filesystem boundary (GIT_DISCOVERY_ACROSS_FILESYSTEM not set).
[gate-tfpp-8L-algo_exec s0] run_id=EXP-000-gate-tfpp-8L-algo_exec-s0-87972d
  algo_exec    83/200 = 0.415
  flops/correct = 4.23e+09
[gate-tfpp-4L-rule_shift s0] 20000 train sequences (0 skipped), ~5,805,064 tokens/epoch
[gate-tfpp-4L-rule_shift] params=3.02M hash=e1373d14ad9c
[gate-tfpp-4L-rule_shift s0] step 100/4000 loss 3.1021 1573024 tok/s
[gate-tfpp-4L-rule_shift s0] step 200/4000 loss 1.4116 1574053 tok/s
[gate-tfpp-4L-rule_shift s0] step 300/4000 loss 1.2175 1575839 tok/s
[gate-tfpp-4L-rule_shift s0] step 400/4000 loss 1.1614 1575876 tok/s
[gate-tfpp-4L-rule_shift s0] step 500/4000 loss 1.1534 1577275 tok/s
[gate-tfpp-4L-rule_shift s0] step 600/4000 loss 1.1378 1576889 tok/s
[gate-tfpp-4L-rule_shift s0] step 700/4000 loss 1.1263 1576834 tok/s
[gate-tfpp-4L-rule_shift s0] step 800/4000 loss 1.1269 1576648 tok/s
[gate-tfpp-4L-rule_shift s0] step 900/4000 loss 1.1049 1576988 tok/s
[gate-tfpp-4L-rule_shift s0] step 1000/4000 loss 1.1062 1576721 tok/s
[gate-tfpp-4L-rule_shift s0] step 1100/4000 loss 1.0985 1576939 tok/s
[gate-tfpp-4L-rule_shift s0] step 1200/4000 loss 1.0858 1576997 tok/s
[gate-tfpp-4L-rule_shift s0] step 1300/4000 loss 1.0866 1577177 tok/s
[gate-tfpp-4L-rule_shift s0] step 1400/4000 loss 1.0809 1576633 tok/s
[gate-tfpp-4L-rule_shift s0] step 1500/4000 loss 1.0649 1579744 tok/s
[gate-tfpp-4L-rule_shift s0] step 1600/4000 loss 1.0603 1591089 tok/s
[gate-tfpp-4L-rule_shift s0] step 1700/4000 loss 1.0638 1601253 tok/s
[gate-tfpp-4L-rule_shift s0] step 1800/4000 loss 1.0562 1609137 tok/s
[gate-tfpp-4L-rule_shift s0] step 1900/4000 loss 1.0576 1617321 tok/s
[gate-tfpp-4L-rule_shift s0] step 2000/4000 loss 1.0379 1624557 tok/s
[gate-tfpp-4L-rule_shift s0] step 2100/4000 loss 1.0400 1631160 tok/s
[gate-tfpp-4L-rule_shift s0] step 2200/4000 loss 1.0382 1637559 tok/s
[gate-tfpp-4L-rule_shift s0] step 2300/4000 loss 0.9969 1642787 tok/s
[gate-tfpp-4L-rule_shift s0] step 2400/4000 loss 0.9788 1648063 tok/s
[gate-tfpp-4L-rule_shift s0] step 2500/4000 loss 0.9816 1652988 tok/s
[gate-tfpp-4L-rule_shift s0] step 2600/4000 loss 0.9571 1656265 tok/s
[gate-tfpp-4L-rule_shift s0] step 2700/4000 loss 0.9506 1660510 tok/s
[gate-tfpp-4L-rule_shift s0] step 2800/4000 loss 0.9570 1664557 tok/s
[gate-tfpp-4L-rule_shift s0] step 2900/4000 loss 0.9481 1668448 tok/s
[gate-tfpp-4L-rule_shift s0] step 3000/4000 loss 0.9429 1671407 tok/s
[gate-tfpp-4L-rule_shift s0] step 3100/4000 loss 0.9262 1674689 tok/s
[gate-tfpp-4L-rule_shift s0] step 3200/4000 loss 0.9245 1677698 tok/s
[gate-tfpp-4L-rule_shift s0] step 3300/4000 loss 0.8929 1674717 tok/s
[gate-tfpp-4L-rule_shift s0] step 3400/4000 loss 0.9221 1671741 tok/s
[gate-tfpp-4L-rule_shift s0] step 3500/4000 loss 0.9181 1668958 tok/s
[gate-tfpp-4L-rule_shift s0] step 3600/4000 loss 0.9286 1670560 tok/s
[gate-tfpp-4L-rule_shift s0] step 3700/4000 loss 0.9037 1673418 tok/s
[gate-tfpp-4L-rule_shift s0] step 3800/4000 loss 0.9069 1676055 tok/s
[gate-tfpp-4L-rule_shift s0] step 3900/4000 loss 0.9003 1678607 tok/s
[gate-tfpp-4L-rule_shift s0] step 4000/4000 loss 0.9050 1681026 tok/s
fatal: not a git repository (or any parent up to mount point /)
Stopping at filesystem boundary (GIT_DISCOVERY_ACROSS_FILESYSTEM not set).
[gate-tfpp-4L-rule_shift s0] run_id=EXP-000-gate-tfpp-4L-rule_shift-s0-29a5ce
  rule_shift   32/200 = 0.160
  flops/correct = 1.31e+10
[gate-tfpp-8L-rule_shift s0] 20000 train sequences (0 skipped), ~5,805,064 tokens/epoch
[gate-tfpp-8L-rule_shift] params=5.97M hash=2b26dc877893
[gate-tfpp-8L-rule_shift s0] step 100/4000 loss 3.1372 985230 tok/s
[gate-tfpp-8L-rule_shift s0] step 200/4000 loss 1.4134 984168 tok/s
[gate-tfpp-8L-rule_shift s0] step 300/4000 loss 1.2447 983847 tok/s
[gate-tfpp-8L-rule_shift s0] step 400/4000 loss 1.1797 983479 tok/s
[gate-tfpp-8L-rule_shift s0] step 500/4000 loss 1.1747 979777 tok/s
[gate-tfpp-8L-rule_shift s0] step 600/4000 loss 1.1572 976667 tok/s
[gate-tfpp-8L-rule_shift s0] step 700/4000 loss 1.1329 974799 tok/s
[gate-tfpp-8L-rule_shift s0] step 800/4000 loss 1.1333 972677 tok/s
[gate-tfpp-8L-rule_shift s0] step 900/4000 loss 1.1103 971442 tok/s
[gate-tfpp-8L-rule_shift s0] step 1000/4000 loss 1.1118 970689 tok/s
[gate-tfpp-8L-rule_shift s0] step 1100/4000 loss 1.0839 969832 tok/s
[gate-tfpp-8L-rule_shift s0] step 1200/4000 loss 1.0631 969180 tok/s
[gate-tfpp-8L-rule_shift s0] step 1300/4000 loss 1.0516 968630 tok/s
[gate-tfpp-8L-rule_shift s0] step 1400/4000 loss 1.0394 967976 tok/s
[gate-tfpp-8L-rule_shift s0] step 1500/4000 loss 1.0295 967675 tok/s
[gate-tfpp-8L-rule_shift s0] step 1600/4000 loss 1.0125 967591 tok/s
[gate-tfpp-8L-rule_shift s0] step 1700/4000 loss 1.0205 967345 tok/s
[gate-tfpp-8L-rule_shift s0] step 1800/4000 loss 1.0124 967082 tok/s
[gate-tfpp-8L-rule_shift s0] step 1900/4000 loss 1.0079 966672 tok/s
[gate-tfpp-8L-rule_shift s0] step 2000/4000 loss 0.9940 966353 tok/s
[gate-tfpp-8L-rule_shift s0] step 2100/4000 loss 0.9917 966320 tok/s
[gate-tfpp-8L-rule_shift s0] step 2200/4000 loss 0.9977 966126 tok/s
[gate-tfpp-8L-rule_shift s0] step 2300/4000 loss 0.9650 965870 tok/s
[gate-tfpp-8L-rule_shift s0] step 2400/4000 loss 0.9555 965697 tok/s
[gate-tfpp-8L-rule_shift s0] step 2500/4000 loss 0.9691 965540 tok/s
[gate-tfpp-8L-rule_shift s0] step 2600/4000 loss 0.9404 965518 tok/s
[gate-tfpp-8L-rule_shift s0] step 2700/4000 loss 0.9344 965491 tok/s
[gate-tfpp-8L-rule_shift s0] step 2800/4000 loss 0.9474 965423 tok/s
[gate-tfpp-8L-rule_shift s0] step 2900/4000 loss 0.9422 965403 tok/s
[gate-tfpp-8L-rule_shift s0] step 3000/4000 loss 0.9372 965342 tok/s
[gate-tfpp-8L-rule_shift s0] step 3100/4000 loss 0.9255 965342 tok/s
[gate-tfpp-8L-rule_shift s0] step 3200/4000 loss 0.9190 965068 tok/s
[gate-tfpp-8L-rule_shift s0] step 3300/4000 loss 0.8798 965017 tok/s
[gate-tfpp-8L-rule_shift s0] step 3400/4000 loss 0.9155 964893 tok/s
[gate-tfpp-8L-rule_shift s0] step 3500/4000 loss 0.9095 963057 tok/s
[gate-tfpp-8L-rule_shift s0] step 3600/4000 loss 0.9246 958138 tok/s
[gate-tfpp-8L-rule_shift s0] step 3700/4000 loss 0.8989 953293 tok/s
[gate-tfpp-8L-rule_shift s0] step 3800/4000 loss 0.8976 948790 tok/s
[gate-tfpp-8L-rule_shift s0] step 3900/4000 loss 0.8847 944484 tok/s
[gate-tfpp-8L-rule_shift s0] step 4000/4000 loss 0.9012 940551 tok/s
fatal: not a git repository (or any parent up to mount point /)
Stopping at filesystem boundary (GIT_DISCOVERY_ACROSS_FILESYSTEM not set).
[gate-tfpp-8L-rule_shift s0] run_id=EXP-000-gate-tfpp-8L-rule_shift-s0-4f88f3
  rule_shift   36/200 = 0.180
  flops/correct = 2.3e+10
[gate-tfpp-4L-compress s0] 16000 train sequences (4000 skipped), ~5,608,188 tokens/epoch
[gate-tfpp-4L-compress] params=3.02M hash=e1373d14ad9c
[gate-tfpp-4L-compress s0] step 100/4000 loss 2.9376 2045986 tok/s
[gate-tfpp-4L-compress s0] step 200/4000 loss 1.2802 2043045 tok/s
[gate-tfpp-4L-compress s0] step 300/4000 loss 1.1854 2040557 tok/s
[gate-tfpp-4L-compress s0] step 400/4000 loss 1.1311 2039610 tok/s
[gate-tfpp-4L-compress s0] step 500/4000 loss 1.0528 2038304 tok/s
[gate-tfpp-4L-compress s0] step 600/4000 loss 1.0332 2037538 tok/s
[gate-tfpp-4L-compress s0] step 700/4000 loss 1.0280 2036963 tok/s
[gate-tfpp-4L-compress s0] step 800/4000 loss 1.0097 2036711 tok/s
[gate-tfpp-4L-compress s0] step 900/4000 loss 0.9989 2036152 tok/s
[gate-tfpp-4L-compress s0] step 1000/4000 loss 0.9833 2035818 tok/s
[gate-tfpp-4L-compress s0] step 1100/4000 loss 0.9620 2035545 tok/s
[gate-tfpp-4L-compress s0] step 1200/4000 loss 0.9733 2035680 tok/s
[gate-tfpp-4L-compress s0] step 1300/4000 loss 0.9636 2035682 tok/s
[gate-tfpp-4L-compress s0] step 1400/4000 loss 0.9569 2035461 tok/s
[gate-tfpp-4L-compress s0] step 1500/4000 loss 0.9448 2035299 tok/s
[gate-tfpp-4L-compress s0] step 1600/4000 loss 0.9266 2035016 tok/s
[gate-tfpp-4L-compress s0] step 1700/4000 loss 0.9513 2034790 tok/s
[gate-tfpp-4L-compress s0] step 1800/4000 loss 0.9319 2034634 tok/s
[gate-tfpp-4L-compress s0] step 1900/4000 loss 0.9143 2034523 tok/s
[gate-tfpp-4L-compress s0] step 2000/4000 loss 0.9172 2034405 tok/s
[gate-tfpp-4L-compress s0] step 2100/4000 loss 0.9035 2034195 tok/s
[gate-tfpp-4L-compress s0] step 2200/4000 loss 0.9051 2033961 tok/s
[gate-tfpp-4L-compress s0] step 2300/4000 loss 0.8829 2033870 tok/s
[gate-tfpp-4L-compress s0] step 2400/4000 loss 0.8894 2033720 tok/s
[gate-tfpp-4L-compress s0] step 2500/4000 loss 0.8970 2033431 tok/s
[gate-tfpp-4L-compress s0] step 2600/4000 loss 0.8733 2033250 tok/s
[gate-tfpp-4L-compress s0] step 2700/4000 loss 0.8671 2033066 tok/s
[gate-tfpp-4L-compress s0] step 2800/4000 loss 0.8624 2032967 tok/s
[gate-tfpp-4L-compress s0] step 2900/4000 loss 0.8628 2032807 tok/s
[gate-tfpp-4L-compress s0] step 3000/4000 loss 0.8518 2032694 tok/s
[gate-tfpp-4L-compress s0] step 3100/4000 loss 0.8453 2032584 tok/s
[gate-tfpp-4L-compress s0] step 3200/4000 loss 0.8355 2032440 tok/s
[gate-tfpp-4L-compress s0] step 3300/4000 loss 0.8352 2032334 tok/s
[gate-tfpp-4L-compress s0] step 3400/4000 loss 0.8233 2032229 tok/s
[gate-tfpp-4L-compress s0] step 3500/4000 loss 0.8328 2032060 tok/s
[gate-tfpp-4L-compress s0] step 3600/4000 loss 0.8192 2031605 tok/s
[gate-tfpp-4L-compress s0] step 3700/4000 loss 0.8054 2031243 tok/s
[gate-tfpp-4L-compress s0] step 3800/4000 loss 0.8148 2030834 tok/s
[gate-tfpp-4L-compress s0] step 3900/4000 loss 0.8207 2030459 tok/s
[gate-tfpp-4L-compress s0] step 4000/4000 loss 0.8148 2030204 tok/s
fatal: not a git repository (or any parent up to mount point /)
Stopping at filesystem boundary (GIT_DISCOVERY_ACROSS_FILESYSTEM not set).
[gate-tfpp-4L-compress s0] run_id=EXP-000-gate-tfpp-4L-compress-s0-63a350
  compress     31/176 = 0.176
  flops/correct = 1.92e+10
[gate-tfpp-8L-compress s0] 16000 train sequences (4000 skipped), ~5,608,188 tokens/epoch
[gate-tfpp-8L-compress] params=5.97M hash=2b26dc877893
[gate-tfpp-8L-compress s0] step 100/4000 loss 2.9647 1093332 tok/s
[gate-tfpp-8L-compress s0] step 200/4000 loss 1.2820 1091168 tok/s
[gate-tfpp-8L-compress s0] step 300/4000 loss 1.2090 1089492 tok/s
[gate-tfpp-8L-compress s0] step 400/4000 loss 1.1938 1088750 tok/s
[gate-tfpp-8L-compress s0] step 500/4000 loss 1.1348 1088021 tok/s
[gate-tfpp-8L-compress s0] step 600/4000 loss 1.0849 1087461 tok/s
[gate-tfpp-8L-compress s0] step 700/4000 loss 1.0603 1086749 tok/s
[gate-tfpp-8L-compress s0] step 800/4000 loss 1.0464 1086209 tok/s
[gate-tfpp-8L-compress s0] step 900/4000 loss 1.0207 1085813 tok/s
[gate-tfpp-8L-compress s0] step 1000/4000 loss 1.0053 1085622 tok/s
[gate-tfpp-8L-compress s0] step 1100/4000 loss 0.9912 1085478 tok/s
[gate-tfpp-8L-compress s0] step 1200/4000 loss 0.9952 1085282 tok/s
[gate-tfpp-8L-compress s0] step 1300/4000 loss 0.9873 1085099 tok/s
[gate-tfpp-8L-compress s0] step 1400/4000 loss 0.9750 1084876 tok/s
[gate-tfpp-8L-compress s0] step 1500/4000 loss 0.9731 1084790 tok/s
[gate-tfpp-8L-compress s0] step 1600/4000 loss 0.9597 1084655 tok/s
[gate-tfpp-8L-compress s0] step 1700/4000 loss 0.9751 1084505 tok/s
[gate-tfpp-8L-compress s0] step 1800/4000 loss 0.9585 1084357 tok/s
[gate-tfpp-8L-compress s0] step 1900/4000 loss 0.9430 1084134 tok/s
[gate-tfpp-8L-compress s0] step 2000/4000 loss 0.9434 1083957 tok/s
[gate-tfpp-8L-compress s0] step 2100/4000 loss 0.9371 1083724 tok/s
[gate-tfpp-8L-compress s0] step 2200/4000 loss 0.9379 1083502 tok/s
[gate-tfpp-8L-compress s0] step 2300/4000 loss 0.9225 1083346 tok/s
[gate-tfpp-8L-compress s0] step 2400/4000 loss 0.9173 1083194 tok/s
[gate-tfpp-8L-compress s0] step 2500/4000 loss 0.9296 1083034 tok/s
[gate-tfpp-8L-compress s0] step 2600/4000 loss 0.9043 1082878 tok/s
[gate-tfpp-8L-compress s0] step 2700/4000 loss 0.8991 1082757 tok/s
[gate-tfpp-8L-compress s0] step 2800/4000 loss 0.8952 1082641 tok/s
[gate-tfpp-8L-compress s0] step 2900/4000 loss 0.8990 1082509 tok/s
[gate-tfpp-8L-compress s0] step 3000/4000 loss 0.8951 1082384 tok/s
[gate-tfpp-8L-compress s0] step 3100/4000 loss 0.8752 1082284 tok/s
[gate-tfpp-8L-compress s0] step 3200/4000 loss 0.8726 1082180 tok/s
[gate-tfpp-8L-compress s0] step 3300/4000 loss 0.8695 1082076 tok/s
[gate-tfpp-8L-compress s0] step 3400/4000 loss 0.8671 1082052 tok/s
[gate-tfpp-8L-compress s0] step 3500/4000 loss 0.8717 1082035 tok/s
[gate-tfpp-8L-compress s0] step 3600/4000 loss 0.8562 1082026 tok/s
[gate-tfpp-8L-compress s0] step 3700/4000 loss 0.8508 1082008 tok/s
[gate-tfpp-8L-compress s0] step 3800/4000 loss 0.8459 1081995 tok/s
[gate-tfpp-8L-compress s0] step 3900/4000 loss 0.8520 1081952 tok/s
[gate-tfpp-8L-compress s0] step 4000/4000 loss 0.8564 1081921 tok/s
fatal: not a git repository (or any parent up to mount point /)
Stopping at filesystem boundary (GIT_DISCOVERY_ACROSS_FILESYSTEM not set).
[gate-tfpp-8L-compress s0] run_id=EXP-000-gate-tfpp-8L-compress-s0-295641
  compress     28/176 = 0.159
  flops/correct = 4.21e+10
  dsl_learn    4L=0.210 8L=0.185 delta=-0.025
  rewrite      4L=0.625 8L=0.685 delta=+0.060
  algo_exec    4L=0.455 8L=0.415 delta=-0.040
  rule_shift   4L=0.160 8L=0.180 delta=+0.020
  compress     4L=0.176 8L=0.159 delta=-0.017
VERDICT: headroom=PASS depth=FAIL (1/3 computation families) memory-band=PASS (2/2)
